  Source.cpp
c:\users\rewoodpc\desktop\game\gayengin_sfml\game\anim.h(71): warning C4244: аргумент: преобразование "float" в "const unsigned int", возможна потеря данных
c:\users\rewoodpc\desktop\game\gayengin_sfml\game\level.h(114): warning C4244: =: преобразование "int" в "T", возможна потеря данных
          with
          [
              T=float
          ]
c:\users\rewoodpc\desktop\game\gayengin_sfml\game\level.h(118): warning C4244: =: преобразование "int" в "T", возможна потеря данных
          with
          [
              T=float
          ]
c:\users\rewoodpc\desktop\game\gayengin_sfml\game\level.h(122): warning C4244: =: преобразование "int" в "T", возможна потеря данных
          with
          [
              T=float
          ]
c:\users\rewoodpc\desktop\game\gayengin_sfml\game\level.h(126): warning C4244: =: преобразование "int" в "T", возможна потеря данных
          with
          [
              T=float
          ]
c:\users\rewoodpc\desktop\game\gayengin_sfml\game\level.h(148): warning C4018: <: несоответствие типов со знаком и без знака
c:\users\rewoodpc\desktop\game\gayengin_sfml\game\level.h(159): warning C4018: <: несоответствие типов со знаком и без знака
c:\users\rewoodpc\desktop\game\gayengin_sfml\game\ui.h(40): warning C4244: аргумент: преобразование "int" в "float", возможна потеря данных
c:\users\rewoodpc\desktop\game\gayengin_sfml\game\ui.h(41): warning C4244: аргумент: преобразование "int" в "float", возможна потеря данных
c:\users\rewoodpc\desktop\game\gayengin_sfml\game\ui.h(56): warning C4244: аргумент: преобразование "int" в "float", возможна потеря данных
c:\users\rewoodpc\desktop\game\gayengin_sfml\game\source.cpp(77): warning C4244: =: преобразование "int" в "float32", возможна потеря данных
c:\users\rewoodpc\desktop\game\gayengin_sfml\game\source.cpp(80): warning C4244: =: преобразование "int" в "float32", возможна потеря данных
c:\users\rewoodpc\desktop\game\gayengin_sfml\game\source.cpp(94): warning C4018: <: несоответствие типов со знаком и без знака
c:\users\rewoodpc\desktop\game\gayengin_sfml\game\source.cpp(156): warning C4305: аргумент: усечение из "double" в "float"
c:\users\rewoodpc\desktop\game\gayengin_sfml\game\source.cpp(157): warning C4305: аргумент: усечение из "double" в "float"
c:\users\rewoodpc\desktop\game\gayengin_sfml\game\source.cpp(160): warning C4305: аргумент: усечение из "double" в "float"
c:\users\rewoodpc\desktop\game\gayengin_sfml\game\source.cpp(192): warning C4244: инициализация: преобразование "sf::Int64" в "float", возможна потеря данных
c:\users\rewoodpc\desktop\game\gayengin_sfml\game\source.cpp(271): warning C4305: аргумент: усечение из "double" в "float"
c:\users\rewoodpc\desktop\game\gayengin_sfml\game\source.cpp(318): warning C4018: <: несоответствие типов со знаком и без знака
c:\users\rewoodpc\desktop\game\gayengin_sfml\game\source.cpp(327): warning C4244: аргумент: преобразование "const T" в "int", возможна потеря данных
          with
          [
              T=float
          ]
c:\users\rewoodpc\desktop\game\gayengin_sfml\game\source.cpp(357): warning C4715: GameStart: значение возвращается не при всех путях выполнения
  game.vcxproj -> C:\Users\ReWoodPC\Desktop\game\GayEngin_SFML\Debug\game.exe
